  Application.cpp
  ModulePhysics.cpp
C:\Users\bielr\OneDrive\Documentos\GitHub\Physics-Pinball\Crea una carpeta\ModulePhysics.cpp(251,8): warning C4244: 'initializing': conversion from 'float' to 'int', possible loss of data
C:\Users\bielr\OneDrive\Documentos\GitHub\Physics-Pinball\Crea una carpeta\ModulePhysics.cpp(332,23): warning C4244: '=': conversion from 'float' to 'int', possible loss of data
C:\Users\bielr\OneDrive\Documentos\GitHub\Physics-Pinball\Crea una carpeta\ModulePhysics.cpp(333,25): warning C4244: '=': conversion from 'float' to 'int', possible loss of data
C:\Users\bielr\OneDrive\Documentos\GitHub\Physics-Pinball\Crea una carpeta\ModulePhysics.cpp(386,20): warning C4018: '<': signed/unsigned mismatch
C:\Users\bielr\OneDrive\Documentos\GitHub\Physics-Pinball\Crea una carpeta\ModulePhysics.cpp(562,13): warning C4244: 'initializing': conversion from 'int' to 'float', possible loss of data
C:\Users\bielr\OneDrive\Documentos\GitHub\Physics-Pinball\Crea una carpeta\ModulePhysics.cpp(563,13): warning C4244: 'initializing': conversion from 'int' to 'float', possible loss of data
C:\Users\bielr\OneDrive\Documentos\GitHub\Physics-Pinball\Crea una carpeta\ModulePhysics.cpp(569,27): warning C4244: 'return': conversion from 'float32' to 'int', possible loss of data
  ModuleSceneIntro.cpp
C:\Users\bielr\OneDrive\Documentos\GitHub\Physics-Pinball\Crea una carpeta\ModuleSceneIntro.cpp(334,45): warning C4244: 'argument': conversion from 'TYPE' to 'TYPE', possible loss of data
          with
          [
              TYPE=int
          ]
          and
          [
              TYPE=float
          ]
C:\Users\bielr\OneDrive\Documentos\GitHub\Physics-Pinball\Crea una carpeta\ModuleSceneIntro.cpp(334,30): warning C4244: 'argument': conversion from 'TYPE' to 'TYPE', possible loss of data
          with
          [
              TYPE=int
          ]
          and
          [
              TYPE=float
          ]
C:\Users\bielr\OneDrive\Documentos\GitHub\Physics-Pinball\Crea una carpeta\ModuleSceneIntro.cpp(336,18): warning C4244: 'argument': conversion from 'int' to 'float', possible loss of data
C:\Users\bielr\OneDrive\Documentos\GitHub\Physics-Pinball\Crea una carpeta\ModuleSceneIntro.cpp(339,70): warning C4244: 'argument': conversion from 'TYPE' to 'int', possible loss of data
          with
          [
              TYPE=float
          ]
C:\Users\bielr\OneDrive\Documentos\GitHub\Physics-Pinball\Crea una carpeta\ModuleSceneIntro.cpp(339,47): warning C4244: 'argument': conversion from 'TYPE' to 'int', possible loss of data
          with
          [
              TYPE=float
          ]
C:\Users\bielr\OneDrive\Documentos\GitHub\Physics-Pinball\Crea una carpeta\ModuleSceneIntro.cpp(343,138): warning C4244: 'argument': conversion from 'TYPE' to 'int', possible loss of data
          with
          [
              TYPE=float
          ]
C:\Users\bielr\OneDrive\Documentos\GitHub\Physics-Pinball\Crea una carpeta\ModuleSceneIntro.cpp(343,96): warning C4244: 'argument': conversion from 'TYPE' to 'int', possible loss of data
          with
          [
              TYPE=float
          ]
C:\Users\bielr\OneDrive\Documentos\GitHub\Physics-Pinball\Crea una carpeta\ModuleSceneIntro.cpp(343,57): warning C4244: 'argument': conversion from 'TYPE' to 'int', possible loss of data
          with
          [
              TYPE=float
          ]
C:\Users\bielr\OneDrive\Documentos\GitHub\Physics-Pinball\Crea una carpeta\ModuleSceneIntro.cpp(343,34): warning C4244: 'argument': conversion from 'TYPE' to 'int', possible loss of data
          with
          [
              TYPE=float
          ]
  Generating Code...
  SDL Game.vcxproj -> C:\Users\bielr\OneDrive\Documentos\GitHub\Physics-Pinball\Crea una carpeta\Debug\Box2D - Tutorial.exe
