  Application.cpp
  log.cpp
  Main.cpp
  ModuleAudio.cpp
  ModuleInput.cpp
  ModulePhysics.cpp
C:\Users\bielr\OneDrive\Documentos\GitHub\Physics-Pinball\Crea una carpeta\ModulePhysics.cpp(253,8): warning C4244: 'initializing': conversion from 'float' to 'int', possible loss of data
C:\Users\bielr\OneDrive\Documentos\GitHub\Physics-Pinball\Crea una carpeta\ModulePhysics.cpp(334,23): warning C4244: '=': conversion from 'float' to 'int', possible loss of data
C:\Users\bielr\OneDrive\Documentos\GitHub\Physics-Pinball\Crea una carpeta\ModulePhysics.cpp(335,25): warning C4244: '=': conversion from 'float' to 'int', possible loss of data
C:\Users\bielr\OneDrive\Documentos\GitHub\Physics-Pinball\Crea una carpeta\ModulePhysics.cpp(388,20): warning C4018: '<': signed/unsigned mismatch
C:\Users\bielr\OneDrive\Documentos\GitHub\Physics-Pinball\Crea una carpeta\ModulePhysics.cpp(492,21): warning C4018: '<': signed/unsigned mismatch
C:\Users\bielr\OneDrive\Documentos\GitHub\Physics-Pinball\Crea una carpeta\ModulePhysics.cpp(605,13): warning C4244: 'initializing': conversion from 'int' to 'float', possible loss of data
C:\Users\bielr\OneDrive\Documentos\GitHub\Physics-Pinball\Crea una carpeta\ModulePhysics.cpp(606,13): warning C4244: 'initializing': conversion from 'int' to 'float', possible loss of data
C:\Users\bielr\OneDrive\Documentos\GitHub\Physics-Pinball\Crea una carpeta\ModulePhysics.cpp(612,27): warning C4244: 'return': conversion from 'float32' to 'int', possible loss of data
  ModulePlayer.cpp
  ModuleRender.cpp
C:\Program Files (x86)\Microsoft Visual Studio\2019\Community\VC\Tools\MSVC\14.29.30133\include\ostream(284,1): warning C4530: C++ exception handler used, but unwind semantics are not enabled. Specify /EHsc
C:\Program Files (x86)\Microsoft Visual Studio\2019\Community\VC\Tools\MSVC\14.29.30133\include\ostream(269): message : while compiling class template member function 'std::basic_ostream<char,std::char_traits<char>> &std::basic_ostream<char,std::char_traits<char>>::operator <<(int)'
C:\Users\bielr\OneDrive\Documentos\GitHub\Physics-Pinball\Crea una carpeta\ModuleRender.cpp(302): message : see reference to function template instantiation 'std::basic_ostream<char,std::char_traits<char>> &std::basic_ostream<char,std::char_traits<char>>::operator <<(int)' being compiled
C:\Program Files (x86)\Microsoft Visual Studio\2019\Community\VC\Tools\MSVC\14.29.30133\include\ostream(641): message : see reference to class template instantiation 'std::basic_ostream<char,std::char_traits<char>>' being compiled
  ModuleSceneIntro.cpp
C:\Users\bielr\OneDrive\Documentos\GitHub\Physics-Pinball\Crea una carpeta\ModuleSceneIntro.cpp(353,203): warning C4244: 'argument': conversion from 'float' to 'int', possible loss of data
C:\Users\bielr\OneDrive\Documentos\GitHub\Physics-Pinball\Crea una carpeta\ModuleSceneIntro.cpp(353,183): warning C4244: 'argument': conversion from 'float' to 'int', possible loss of data
C:\Users\bielr\OneDrive\Documentos\GitHub\Physics-Pinball\Crea una carpeta\ModuleSceneIntro.cpp(354,206): warning C4244: 'argument': conversion from 'float' to 'int', possible loss of data
C:\Users\bielr\OneDrive\Documentos\GitHub\Physics-Pinball\Crea una carpeta\ModuleSceneIntro.cpp(354,186): warning C4244: 'argument': conversion from 'float' to 'int', possible loss of data
  ModuleTextures.cpp
  ModuleWindow.cpp
  Generating code
  Previous IPDB not found, fall back to full compilation.
  All 341 functions were compiled because no usable IPDB/IOBJ from previous compilation was found.
  Finished generating code
  SDL Game.vcxproj -> C:\Users\bielr\OneDrive\Documentos\GitHub\Physics-Pinball\Crea una carpeta\Release\Box2D - Tutorial.exe
